/hiskp2/helmes/analysis/scattering/k_charged/
------------------------------
summary for R
parameter 1
correlator [0 0], 45 fits
0.01203 +- 0.00018 -0.00004 +0.00010
------------------------------


------------------------------
summary for R
parameter 1
correlator [0 0], 2 fits
0.00640 +- 0.00007 -0.00000 +0.00010
------------------------------


------------------------------
summary for R
parameter 1
correlator [0 0], 66 fits
0.00239 +- 0.00017 -0.00009 +0.00004
------------------------------


------------------------------
summary for epi
parameter 1
correlator 0, 12 fits
0.25376 +- 0.00020 -0.00002 +0.00006
------------------------------


Original values:
[([array([ 1.51214138,  1.51085236,  1.51526495, ...,  1.51041551,
        1.51387739,  1.51153195])], [0.0040130578907727902], [array([ 0.00084485,  0.00045974])], [45]), ([array([ 0.01203111,  0.01204217,  0.01190585, ...,  0.0120765 ,
        0.01175421,  0.01211004])], [0.00018327490781572131], [array([  3.72178336e-05,   1.02802716e-04])], [45])]
Singular values:
1.51214138101
Original values:
[([array([ 1.71691362,  1.71706247,  1.72037993, ...,  1.71854483,
        1.71426611,  1.71695133])], [0.0020991724738474008], [array([  1.74318873e-03,   7.08322290e-14])], [2]), ([array([ 0.00639664,  0.00640002,  0.00628391, ...,  0.00632006,
        0.00643417,  0.00646427])], [7.46792122937547e-05], [array([  4.51808729e-15,   1.02246523e-04])], [2])]
Singular values:
1.71691362262
Original values:
[([array([ 1.84512017,  1.85088095,  1.8479289 , ...,  1.84303645,
        1.85537762,  1.85311647])], [0.0052854261552612546], [array([ 0.00111707,  0.00111454])], [66]), ([array([ 0.00238724,  0.00217555,  0.00232062, ...,  0.00245791,
        0.00198794,  0.00212265])], [0.00016549509291476381], [array([  8.81394300e-05,   4.47869000e-05])], [66])]
Singular values:
1.84512017203
Original values:
[([array([ 29.33524044,  29.38592351,  29.2724551 , ...,  29.34386108,
        29.30193871,  29.36407756])], [0.043926666869916114], [array([ 0.01491462,  0.01923673])], [12]), ([array([ 0.25375508,  0.25400093,  0.2536289 , ...,  0.25384555,
        0.25357693,  0.25360776])], [0.00020356711080477035], [array([  1.88180016e-05,   5.84719250e-05])], [12])]
Singular values:
29.3352404376
(1500, 2, 1)
[[ 0.01203111  0.00639664  0.00238724]
 [ 0.01204217  0.00640002  0.00217555]
 [ 0.01190585  0.00628391  0.00232062]
 ..., 
 [ 0.0120765   0.00632006  0.00245791]
 [ 0.01175421  0.00643417  0.00198794]
 [ 0.01211004  0.00646427  0.00212265]]
(3,)
defining errfunc and computing covariance matrix
False
[  3.34937630e-08   5.56433375e-09   2.72653046e-08]
fitting the data
Overview over the data used:
x-data for fit
[ 0.05        0.04166667  0.03125   ]
y-data for fit
[ 0.01203111  0.00639664  0.00238724]
inverse covariance matrix:
[[  5464.09232339      0.              0.        ]
 [     0.          13405.8209454       0.        ]
 [     0.              0.           6056.12489466]]
arguments:
[ -1.40066697  87.41195155]
fit results for an uncorrelated fit:
degrees of freedom: 1.000000

bootstrap samples: 1500

fit results:
  -1.382142e+00 +/- 4.679618e-02
  1.192526e+02 +/- 5.789980e+01
Chi^2: 2.374795e-01
Chi^2/dof: 2.374795e-01 +/- 1.776547e+00
p-value: 6.260e-01
the arguments have shape:
(1500, 2)
M_K a_0 from fit to dE: -0.3507 +/- 0.0119
M_K r_0 from fit to dE: 30.2610 +/- 14.6921
Number of bootstraps 1500:
Saving fixed mka0 to /hiskp2/helmes/analysis/scattering/analysis_vault/k_charged_wo_outliers/data/
Read in M_K r_0 from fit to dE: 30.2610 +/- 14.6921
