/hiskp2/helmes/analysis/scattering/k_charged/
------------------------------
summary for R
parameter 1
correlator [0 0], 45 fits
0.01257 +- 0.00019 -0.00020 +0.00015
------------------------------


------------------------------
summary for R
parameter 1
correlator [0 0], 2 fits
0.00678 +- 0.00007 -0.00000 +0.00009
------------------------------


------------------------------
summary for R
parameter 1
correlator [0 0], 66 fits
0.00249 +- 0.00010 -0.00002 +0.00003
------------------------------


------------------------------
summary for epi
parameter 1
correlator 0, 12 fits
0.23417 +- 0.00018 -0.00004 +0.00003
------------------------------


Original values:
[([array([ 1.48754919,  1.48378504,  1.48781804, ...,  1.48547716,
        1.48941601,  1.48685729])], [0.0041513886524572668], [array([ 0.0014616,  0.0023632])], [45]), ([array([ 0.01257194,  0.01260983,  0.01254009, ...,  0.012622  ,
        0.01236596,  0.01258107])], [0.00019399384092232594], [array([ 0.00019705,  0.00014936])], [45])]
Singular values:
1.48754919373
Original values:
[([array([ 1.7005359 ,  1.70184737,  1.70192902, ...,  1.70338916,
        1.69873247,  1.69985272])], [0.0020981462517769126], [array([  1.42699976e-03,   2.26141328e-11])], [2]), ([array([ 0.0067846 ,  0.00673581,  0.00677094, ...,  0.00666952,
        0.00682802,  0.00686085])], [7.4508798500486569e-05], [array([  1.45712262e-12,   8.51092661e-05])], [2])]
Singular values:
1.70053589665
Original values:
[([array([ 1.83633002,  1.83271889,  1.83284976, ...,  1.83527641,
        1.83383434,  1.8369492 ])], [0.0031527039830665012], [array([ 0.00057605,  0.00018527])], [66]), ([array([ 0.0024914 ,  0.00258274,  0.00259181, ...,  0.00250769,
        0.00257463,  0.00242686])], [9.550016181754335e-05], [array([  1.87023591e-05,   2.96932797e-05])], [66])]
Singular values:
1.83633001784
Original values:
[([array([ 30.03507052,  30.03486257,  30.04674711, ...,  29.97812618,
        30.04625867,  30.06019459])], [0.040017600553903236], [array([ 0.01235239,  0.01591371])], [12]), ([array([ 0.2341679 ,  0.23433315,  0.23418864, ...,  0.23407224,
        0.23407217,  0.23395601])], [0.00018129856271355502], [array([  4.30441658e-05,   2.68041683e-05])], [12])]
Singular values:
30.0350705201
(1500, 2, 1)
[ 0.01257194  0.0067846   0.0024914 ]
(2,)
defining errfunc and computing covariance matrix
False
[  5.53893624e-09   9.09601273e-09]
fitting the data
Overview over the data used:
x-data for fit
[ 0.04166667  0.03125   ]
y-data for fit
[ 0.0067846  0.0024914]
inverse covariance matrix:
[[ 13436.52043631      0.        ]
 [     0.          10485.14571417]]
arguments:
[  -1.31335934  207.89042526]
fit results for an uncorrelated fit:
degrees of freedom: 0.000000

bootstrap samples: 1500

fit results:
  -1.246560e+00 +/- 8.638473e-02
  3.345922e+02 +/- 2.309222e+02
Chi^2: 1.358233e-28
Chi^2/dof: inf +/- inf
p-value: nan
the arguments have shape:
(1500, 2)
